# JRE version: Java(TM) SE Runtime Environment (8.0_121-b13) (build 1.8.0_121-b13)
# Java VM: Java HotSpot(TM) 64-Bit Server VM (25.121-b13 mixed mode windows-amd64 compressed oops)
Heap:
 PSYoungGen      total 39936K, used 34816K [0x00000000d6100000, 0x00000000d8d00000, 0x0000000100000000)
  eden space 34816K, 100% used [0x00000000d6100000,0x00000000d8300000,0x00000000d8300000)
  from space 5120K, 0% used [0x00000000d8300000,0x00000000d8300000,0x00000000d8800000)
  to   space 3072K, 0% used [0x00000000d8a00000,0x00000000d8a00000,0x00000000d8d00000)
 ParOldGen       total 151040K, used 145387K [0x0000000082200000, 0x000000008b580000, 0x00000000d6100000)
  object space 151040K, 96% used [0x0000000082200000,0x000000008affaf08,0x000000008b580000)
 Metaspace       used 13888K, capacity 14130K, committed 14336K, reserved 1062912K
  class space    used 1674K, capacity 1783K, committed 1792K, reserved 1048576K
GC Heap History (10 events):
Event: 23.700 GC heap before
{Heap before GC invocations=980 (full 967):
 PSYoungGen      total 39936K, used 34816K [0x00000000d6100000, 0x00000000d8d00000, 0x0000000100000000)
  eden space 34816K, 100% used [0x00000000d6100000,0x00000000d8300000,0x00000000d8300000)
  from space 5120K, 0% used [0x00000000d8300000,0x00000000d8300000,0x00000000d8800000)
  to   space 3072K, 0% used [0x00000000d8a00000,0x00000000d8a00000,0x00000000d8d00000)
 ParOldGen       total 151040K, used 145387K [0x0000000082200000, 0x000000008b580000, 0x00000000d6100000)
  object space 151040K, 96% used [0x0000000082200000,0x000000008affaf08,0x000000008b580000)
 Metaspace       used 13846K, capacity 14066K, committed 14336K, reserved 1062912K
  class space    used 1674K, capacity 1783K, committed 1792K, reserved 1048576K
Event: 23.716 GC heap after
Heap after GC invocations=980 (full 967):
 PSYoungGen      total 39936K, used 34489K [0x00000000d6100000, 0x00000000d8d00000, 0x0000000100000000)
  eden space 34816K, 99% used [0x00000000d6100000,0x00000000d82ae500,0x00000000d8300000)
  from space 5120K, 0% used [0x00000000d8300000,0x00000000d8300000,0x00000000d8800000)
  to   space 3072K, 0% used [0x00000000d8a00000,0x00000000d8a00000,0x00000000d8d00000)
 ParOldGen       total 151040K, used 145387K [0x0000000082200000, 0x000000008b580000, 0x00000000d6100000)
  object space 151040K, 96% used [0x0000000082200000,0x000000008affaf08,0x000000008b580000)
 Metaspace       used 13846K, capacity 14066K, committed 14336K, reserved 1062912K
  class space    used 1674K, capacity 1783K, committed 1792K, reserved 1048576K
}
Event: 23.718 GC heap before
{Heap before GC invocations=981 (full 968):
 PSYoungGen      total 39936K, used 34816K [0x00000000d6100000, 0x00000000d8d00000, 0x0000000100000000)
  eden space 34816K, 100% used [0x00000000d6100000,0x00000000d8300000,0x00000000d8300000)
  from space 5120K, 0% used [0x00000000d8300000,0x00000000d8300000,0x00000000d8800000)
  to   space 3072K, 0% used [0x00000000d8a00000,0x00000000d8a00000,0x00000000d8d00000)
 ParOldGen       total 151040K, used 145387K [0x0000000082200000, 0x000000008b580000, 0x00000000d6100000)
  object space 151040K, 96% used [0x0000000082200000,0x000000008affaf08,0x000000008b580000)
 Metaspace       used 13846K, capacity 14066K, committed 14336K, reserved 1062912K
  class space    used 1674K, capacity 1783K, committed 1792K, reserved 1048576K
Event: 23.734 GC heap after
Heap after GC invocations=981 (full 968):
 PSYoungGen      total 39936K, used 34489K [0x00000000d6100000, 0x00000000d8d00000, 0x0000000100000000)
  eden space 34816K, 99% used [0x00000000d6100000,0x00000000d82ae500,0x00000000d8300000)
  from space 5120K, 0% used [0x00000000d8300000,0x00000000d8300000,0x00000000d8800000)
  to   space 3072K, 0% used [0x00000000d8a00000,0x00000000d8a00000,0x00000000d8d00000)
 ParOldGen       total 151040K, used 145387K [0x0000000082200000, 0x000000008b580000, 0x00000000d6100000)
  object space 151040K, 96% used [0x0000000082200000,0x000000008affaf08,0x000000008b580000)
 Metaspace       used 13846K, capacity 14066K, committed 14336K, reserved 1062912K
  class space    used 1674K, capacity 1783K, committed 1792K, reserved 1048576K
}
Event: 23.735 GC heap before
{Heap before GC invocations=982 (full 969):
 PSYoungGen      total 39936K, used 34816K [0x00000000d6100000, 0x00000000d8d00000, 0x0000000100000000)
  eden space 34816K, 100% used [0x00000000d6100000,0x00000000d8300000,0x00000000d8300000)
  from space 5120K, 0% used [0x00000000d8300000,0x00000000d8300000,0x00000000d8800000)
  to   space 3072K, 0% used [0x00000000d8a00000,0x00000000d8a00000,0x00000000d8d00000)
 ParOldGen       total 151040K, used 145387K [0x0000000082200000, 0x000000008b580000, 0x00000000d6100000)
  object space 151040K, 96% used [0x0000000082200000,0x000000008affaf08,0x000000008b580000)
 Metaspace       used 13846K, capacity 14066K, committed 14336K, reserved 1062912K
  class space    used 1674K, capacity 1783K, committed 1792K, reserved 1048576K
Event: 23.751 GC heap after
Heap after GC invocations=982 (full 969):
 PSYoungGen      total 39936K, used 34489K [0x00000000d6100000, 0x00000000d8d00000, 0x0000000100000000)
  eden space 34816K, 99% used [0x00000000d6100000,0x00000000d82ae500,0x00000000d8300000)
  from space 5120K, 0% used [0x00000000d8300000,0x00000000d8300000,0x00000000d8800000)
  to   space 3072K, 0% used [0x00000000d8a00000,0x00000000d8a00000,0x00000000d8d00000)
 ParOldGen       total 151040K, used 145387K [0x0000000082200000, 0x000000008b580000, 0x00000000d6100000)
  object space 151040K, 96% used [0x0000000082200000,0x000000008affaf08,0x000000008b580000)
 Metaspace       used 13846K, capacity 14066K, committed 14336K, reserved 1062912K
  class space    used 1674K, capacity 1783K, committed 1792K, reserved 1048576K
}
Event: 23.753 GC heap before
{Heap before GC invocations=983 (full 970):
 PSYoungGen      total 39936K, used 34816K [0x00000000d6100000, 0x00000000d8d00000, 0x0000000100000000)
  eden space 34816K, 100% used [0x00000000d6100000,0x00000000d8300000,0x00000000d8300000)
  from space 5120K, 0% used [0x00000000d8300000,0x00000000d8300000,0x00000000d8800000)
  to   space 3072K, 0% used [0x00000000d8a00000,0x00000000d8a00000,0x00000000d8d00000)
 ParOldGen       total 151040K, used 145387K [0x0000000082200000, 0x000000008b580000, 0x00000000d6100000)
  object space 151040K, 96% used [0x0000000082200000,0x000000008affaf08,0x000000008b580000)
 Metaspace       used 13846K, capacity 14066K, committed 14336K, reserved 1062912K
  class space    used 1674K, capacity 1783K, committed 1792K, reserved 1048576K
Event: 23.769 GC heap after
Heap after GC invocations=983 (full 970):
 PSYoungGen      total 39936K, used 34489K [0x00000000d6100000, 0x00000000d8d00000, 0x0000000100000000)
  eden space 34816K, 99% used [0x00000000d6100000,0x00000000d82ae500,0x00000000d8300000)
  from space 5120K, 0% used [0x00000000d8300000,0x00000000d8300000,0x00000000d8800000)
  to   space 3072K, 0% used [0x00000000d8a00000,0x00000000d8a00000,0x00000000d8d00000)
 ParOldGen       total 151040K, used 145387K [0x0000000082200000, 0x000000008b580000, 0x00000000d6100000)
  object space 151040K, 96% used [0x0000000082200000,0x000000008affaf08,0x000000008b580000)
 Metaspace       used 13846K, capacity 14066K, committed 14336K, reserved 1062912K
  class space    used 1674K, capacity 1783K, committed 1792K, reserved 1048576K
}
Event: 23.771 GC heap before
{Heap before GC invocations=984 (full 971):
 PSYoungGen      total 39936K, used 34816K [0x00000000d6100000, 0x00000000d8d00000, 0x0000000100000000)
  eden space 34816K, 100% used [0x00000000d6100000,0x00000000d8300000,0x00000000d8300000)
  from space 5120K, 0% used [0x00000000d8300000,0x00000000d8300000,0x00000000d8800000)
  to   space 3072K, 0% used [0x00000000d8a00000,0x00000000d8a00000,0x00000000d8d00000)
 ParOldGen       total 151040K, used 145387K [0x0000000082200000, 0x000000008b580000, 0x00000000d6100000)
  object space 151040K, 96% used [0x0000000082200000,0x000000008affaf08,0x000000008b580000)
 Metaspace       used 13846K, capacity 14066K, committed 14336K, reserved 1062912K
  class space    used 1674K, capacity 1783K, committed 1792K, reserved 1048576K
Event: 23.801 GC heap after
Heap after GC invocations=984 (full 971):
 PSYoungGen      total 39936K, used 34489K [0x00000000d6100000, 0x00000000d8d00000, 0x0000000100000000)
  eden space 34816K, 99% used [0x00000000d6100000,0x00000000d82ae500,0x00000000d8300000)
  from space 5120K, 0% used [0x00000000d8300000,0x00000000d8300000,0x00000000d8800000)
  to   space 3072K, 0% used [0x00000000d8a00000,0x00000000d8a00000,0x00000000d8d00000)
 ParOldGen       total 151040K, used 145387K [0x0000000082200000, 0x000000008b580000, 0x00000000d6100000)
  object space 151040K, 96% used [0x0000000082200000,0x000000008affaf08,0x000000008b580000)
 Metaspace       used 13846K, capacity 14066K, committed 14336K, reserved 1062912K
  class space    used 1674K, capacity 1783K, committed 1792K, reserved 1048576K
}

